Aug-03 14:41:13.195 [main] DEBUG nextflow.cli.Launcher - $> nextflow run main.nf
Aug-03 14:41:13.593 [main] DEBUG nextflow.cli.CmdRun - N E X T F L O W  ~  version 24.04.4
Aug-03 14:41:13.618 [main] DEBUG nextflow.plugin.PluginsFacade - Setting up plugin manager > mode=prod; embedded=false; plugins-dir=/home/gitpod/.nextflow/plugins; core-plugins: nf-amazon@2.5.3,nf-azure@1.6.1,nf-cloudcache@0.4.1,nf-codecommit@0.2.1,nf-console@1.1.3,nf-ga4gh@1.3.0,nf-google@1.13.2-patch1,nf-tower@1.9.1,nf-wave@1.4.2-patch1
Aug-03 14:41:13.677 [main] INFO  o.pf4j.DefaultPluginStatusProvider - Enabled plugins: []
Aug-03 14:41:13.678 [main] INFO  o.pf4j.DefaultPluginStatusProvider - Disabled plugins: []
Aug-03 14:41:13.682 [main] INFO  org.pf4j.DefaultPluginManager - PF4J version 3.12.0 in 'deployment' mode
Aug-03 14:41:13.697 [main] INFO  org.pf4j.AbstractPluginManager - No plugins
Aug-03 14:41:13.899 [main] DEBUG nextflow.cli.CmdRun - Applied DSL=2 from script declaration
Aug-03 14:41:13.983 [main] DEBUG nextflow.cli.CmdRun - Launching `main.nf` [nasty_sax] DSL2 - revision: e9ae6a7404
Aug-03 14:41:13.985 [main] DEBUG nextflow.plugin.PluginsFacade - Plugins default=[]
Aug-03 14:41:13.985 [main] DEBUG nextflow.plugin.PluginsFacade - Plugins resolved requirement=[]
Aug-03 14:41:14.188 [main] DEBUG nextflow.Session - Session UUID: 4f56a5c1-a414-4688-ab6d-7338840e082b
Aug-03 14:41:14.189 [main] DEBUG nextflow.Session - Run name: nasty_sax
Aug-03 14:41:14.189 [main] DEBUG nextflow.Session - Executor pool size: 16
Aug-03 14:41:14.273 [main] DEBUG nextflow.file.FilePorter - File porter settings maxRetries=3; maxTransfers=50; pollTimeout=null
Aug-03 14:41:14.282 [main] DEBUG nextflow.util.ThreadPoolBuilder - Creating thread pool 'FileTransfer' minSize=10; maxSize=48; workQueue=LinkedBlockingQueue[10000]; allowCoreThreadTimeout=false
Aug-03 14:41:14.393 [main] DEBUG nextflow.cli.CmdRun - 
  Version: 24.04.4 build 5917
  Created: 01-08-2024 07:05 UTC 
  System: Linux 6.1.91-060191-generic
  Runtime: Groovy 4.0.21 on OpenJDK 64-Bit Server VM 11.0.23+9-LTS
  Encoding: UTF-8 (UTF-8)
  Process: 11414@daleor0917-protpipeline-op6d5or758g [127.0.0.1]
  CPUs: 16 - Mem: 62.8 GB (27.6 GB) - Swap: 375 GB (374.9 GB)
Aug-03 14:41:14.584 [main] DEBUG nextflow.Session - Work-dir: /workspace/Prot_Pipeline/Prot_Pipeline/work [xfs]
Aug-03 14:41:14.585 [main] DEBUG nextflow.Session - Script base path does not exist or is not a directory: /workspace/Prot_Pipeline/Prot_Pipeline/bin
Aug-03 14:41:14.669 [main] DEBUG nextflow.executor.ExecutorFactory - Extension executors providers=[]
Aug-03 14:41:14.682 [main] DEBUG nextflow.Session - Observer factory: DefaultObserverFactory
Aug-03 14:41:14.789 [main] DEBUG nextflow.cache.CacheFactory - Using Nextflow cache factory: nextflow.cache.DefaultCacheFactory
Aug-03 14:41:14.875 [main] DEBUG nextflow.util.CustomThreadPool - Creating default thread pool > poolSize: 17; maxThreads: 1000
Aug-03 14:41:15.009 [main] DEBUG nextflow.Session - Session start
Aug-03 14:41:15.797 [main] DEBUG nextflow.script.ScriptRunner - > Launching execution
Aug-03 14:41:15.812 [main] DEBUG n.secret.LocalSecretsProvider - Secrets store: /home/gitpod/.nextflow/secrets/store.json
Aug-03 14:41:15.870 [main] DEBUG nextflow.secret.SecretsLoader - Discovered secrets providers: [nextflow.secret.LocalSecretsProvider@3a8cea24] - activable => nextflow.secret.LocalSecretsProvider@3a8cea24
Aug-03 14:41:15.928 [main] DEBUG nextflow.executor.ExecutorFactory - << taskConfig executor: null
Aug-03 14:41:15.929 [main] DEBUG nextflow.executor.ExecutorFactory - >> processorType: 'local'
Aug-03 14:41:15.976 [main] DEBUG nextflow.executor.Executor - [warm up] executor > local
Aug-03 14:41:15.982 [main] DEBUG n.processor.LocalPollingMonitor - Creating local task monitor for executor 'local' > cpus=16; memory=62.8 GB; capacity=16; pollInterval=100ms; dumpInterval=5m
Aug-03 14:41:15.985 [main] DEBUG n.processor.TaskPollingMonitor - >>> barrier register (monitor: local)
Aug-03 14:41:16.187 [main] DEBUG nextflow.Session - Workflow process names [dsl2]: buildDockerImage
Aug-03 14:41:16.188 [main] DEBUG nextflow.Session - Igniting dataflow network (1)
Aug-03 14:41:16.188 [main] DEBUG nextflow.processor.TaskProcessor - Starting process > buildDockerImage
Aug-03 14:41:16.190 [main] DEBUG nextflow.script.ScriptRunner - Parsed script files:
  Script_0e38d356a0c1a634: /workspace/Prot_Pipeline/Prot_Pipeline/main.nf
Aug-03 14:41:16.190 [main] DEBUG nextflow.script.ScriptRunner - > Awaiting termination 
Aug-03 14:41:16.190 [main] DEBUG nextflow.Session - Session await
Aug-03 14:41:16.532 [Task submitter] DEBUG n.executor.local.LocalTaskHandler - Launch cmd line: /bin/bash -ue .command.run
Aug-03 14:41:16.535 [Task submitter] INFO  nextflow.Session - [a3/c553cb] Submitted process > buildDockerImage
Aug-03 14:41:17.342 [Task monitor] DEBUG n.processor.TaskPollingMonitor - Task completed > TaskHandler[id: 1; name: buildDockerImage; status: COMPLETED; exit: 0; error: -; workDir: /workspace/Prot_Pipeline/Prot_Pipeline/work/a3/c553cb55911ddc31177c55800fc2b0]
Aug-03 14:41:17.344 [Task monitor] DEBUG nextflow.util.ThreadPoolBuilder - Creating thread pool 'TaskFinalizer' minSize=10; maxSize=48; workQueue=LinkedBlockingQueue[10000]; allowCoreThreadTimeout=false
Aug-03 14:41:17.368 [main] DEBUG nextflow.Session - Session await > all processes finished
Aug-03 14:41:17.439 [Task monitor] DEBUG n.processor.TaskPollingMonitor - <<< barrier arrives (monitor: local) - terminating tasks monitor poll loop
Aug-03 14:41:17.440 [main] DEBUG nextflow.Session - Session await > all barriers passed
Aug-03 14:41:17.443 [main] DEBUG nextflow.util.ThreadPoolManager - Thread pool 'TaskFinalizer' shutdown completed (hard=false)
Aug-03 14:41:17.449 [main] DEBUG n.trace.WorkflowStatsObserver - Workflow completed > WorkflowStats[succeededCount=1; failedCount=0; ignoredCount=0; cachedCount=0; pendingCount=0; submittedCount=0; runningCount=0; retriesCount=0; abortedCount=0; succeedDuration=744ms; failedDuration=0ms; cachedDuration=0ms;loadCpus=0; loadMemory=0; peakRunning=1; peakCpus=1; peakMemory=0; ]
Aug-03 14:41:17.524 [main] DEBUG nextflow.cache.CacheDB - Closing CacheDB done
Aug-03 14:41:17.541 [main] DEBUG nextflow.util.ThreadPoolManager - Thread pool 'FileTransfer' shutdown completed (hard=false)
Aug-03 14:41:17.541 [main] DEBUG nextflow.script.ScriptRunner - > Execution complete -- Goodbye
