#0 building with "default" instance using docker driver

#1 [internal] load .dockerignore
#1 transferring context: 2B done
#1 DONE 0.0s

#2 [internal] load build definition from Dockerfile_blastp
#2 transferring dockerfile: 562B done
#2 DONE 0.0s

#3 [internal] load metadata for docker.io/library/ubuntu:latest
#3 DONE 0.6s

#4 [1/3] FROM docker.io/library/ubuntu:latest@sha256:2e863c44b718727c860746568e1d54afd13b2fa71b160f5cd9058fc436217b30
#4 DONE 0.0s

#5 [2/3] RUN apt-get update &&     apt-get install -y wget bzip2 &&     wget https://ftp.ncbi.nlm.nih.gov/blast/executables/blast+/LATEST/ncbi-blast-2.16.0+-x64-linux.tar.gz &&     tar -xzvf ncbi-blast-2.16.0+-x64-linux.tar.gz &&     mv ncbi-blast-2.16.0+/bin/* /usr/local/bin/ &&     rm -rf ncbi-blast-2.16.0+ ncbi-blast-2.16.0+-x64-linux.tar.gz
#5 CACHED

#6 [3/3] WORKDIR /data
#6 CACHED

#7 exporting to image
#7 exporting layers done
#7 writing image sha256:d5dcb67b938ebe9cd5532e927ed6a49c71706e96a77aed82e4df02ede2f1a519 done
#7 naming to docker.io/library/blastp_image done
#7 DONE 0.0s
